<?xml version="1.0" encoding="UTF-8"?>
<!-- Generated by org.testng.reporters.JUnitReportReporter -->
<testsuite hostname="RajaBalaji" failures="0" tests="1" name="com.Vtiger.ContactTest.CreateContactWithOrganizationTest" time="24.065" errors="0" timestamp="2024-05-23T13:02:02 IST" skipped="0">
  <testcase classname="com.Vtiger.ContactTest.CreateContactWithOrganizationTest" name="toCreateContactWithOrganization" time="24.065"/>
  <system-out/>
</testsuite> <!-- com.Vtiger.ContactTest.CreateContactWithOrganizationTest -->
