<?xml version="1.0" encoding="UTF-8"?>
<!-- Generated by org.testng.reporters.JUnitReportReporter -->
<testsuite hostname="RajaBalaji" failures="0" tests="1" name="com.Vtiger.ContactTest.CreateContactWithSupportDateTest" time="24.803" errors="0" timestamp="2024-05-23T13:02:02 IST" skipped="0">
  <testcase classname="com.Vtiger.ContactTest.CreateContactWithSupportDateTest" name="toCreateContactWithSupportDate" time="24.803"/>
  <system-out/>
</testsuite> <!-- com.Vtiger.ContactTest.CreateContactWithSupportDateTest -->
